<?xml version="1.0" encoding="UTF-8"?>
<testng-results ignored="0" total="18" passed="12" failed="4" skipped="2">
  <reporter-output>
  </reporter-output>
  <suite started-at="2023-03-29T19:13:48 IST" name="HighPrioritySuite" finished-at="2023-03-29T19:18:48 IST" duration-ms="299725">
    <groups>
    </groups>
    <test started-at="2023-03-29T19:13:48 IST" name="ChromeTest" finished-at="2023-03-29T19:18:23 IST" duration-ms="275238">
      <class name="testNgPack.VerifyProceedToBuyFunctionality">
        <test-method is-config="true" signature="launchBrowser(java.lang.String)[pri:0, instance:testNgPack.VerifyProceedToBuyFunctionality@1ddf84b8]" started-at="2023-03-29T19:13:54 IST" name="launchBrowser" finished-at="2023-03-29T19:13:56 IST" duration-ms="2386" status="PASS">
          <params>
            <param index="0">
              <value>
                <![CDATA[Chrome]]>
              </value>
            </param>
          </params>
          <reporter-output>
          </reporter-output>
        </test-method> <!-- launchBrowser -->
        <test-method is-config="true" signature="createPOMObject()[pri:0, instance:testNgPack.VerifyProceedToBuyFunctionality@1ddf84b8]" started-at="2023-03-29T19:13:56 IST" name="createPOMObject" finished-at="2023-03-29T19:13:56 IST" duration-ms="151" status="PASS">
          <reporter-output>
          </reporter-output>
        </test-method> <!-- createPOMObject -->
        <test-method is-config="true" signature="beforeMethod()[pri:0, instance:testNgPack.VerifyProceedToBuyFunctionality@1ddf84b8]" started-at="2023-03-29T19:13:56 IST" name="beforeMethod" finished-at="2023-03-29T19:16:44 IST" duration-ms="167420" status="PASS">
          <reporter-output>
          </reporter-output>
        </test-method> <!-- beforeMethod -->
        <test-method signature="verifyQtyDropDown()[pri:0, instance:testNgPack.VerifyProceedToBuyFunctionality@1ddf84b8]" started-at="2023-03-29T19:16:44 IST" name="verifyQtyDropDown" finished-at="2023-03-29T19:16:53 IST" duration-ms="9353" status="PASS">
          <reporter-output>
          </reporter-output>
        </test-method> <!-- verifyQtyDropDown -->
        <test-method is-config="true" signature="afterMethod()[pri:0, instance:testNgPack.VerifyProceedToBuyFunctionality@1ddf84b8]" started-at="2023-03-29T19:16:53 IST" name="afterMethod" finished-at="2023-03-29T19:16:53 IST" duration-ms="1" status="PASS">
          <reporter-output>
          </reporter-output>
        </test-method> <!-- afterMethod -->
        <test-method is-config="true" signature="beforeMethod()[pri:0, instance:testNgPack.VerifyProceedToBuyFunctionality@1ddf84b8]" started-at="2023-03-29T19:16:53 IST" name="beforeMethod" finished-at="2023-03-29T19:18:15 IST" duration-ms="82154" status="PASS">
          <reporter-output>
          </reporter-output>
        </test-method> <!-- beforeMethod -->
        <test-method signature="verifyProceedToBuyFunctionality()[pri:1, instance:testNgPack.VerifyProceedToBuyFunctionality@1ddf84b8]" started-at="2023-03-29T19:18:15 IST" name="verifyProceedToBuyFunctionality" finished-at="2023-03-29T19:18:20 IST" duration-ms="4223" status="PASS">
          <reporter-output>
          </reporter-output>
        </test-method> <!-- verifyProceedToBuyFunctionality -->
        <test-method is-config="true" signature="afterMethod()[pri:0, instance:testNgPack.VerifyProceedToBuyFunctionality@1ddf84b8]" started-at="2023-03-29T19:18:20 IST" name="afterMethod" finished-at="2023-03-29T19:18:20 IST" duration-ms="0" status="PASS">
          <reporter-output>
          </reporter-output>
        </test-method> <!-- afterMethod -->
        <test-method is-config="true" signature="clearObjects()[pri:0, instance:testNgPack.VerifyProceedToBuyFunctionality@1ddf84b8]" started-at="2023-03-29T19:18:20 IST" name="clearObjects" finished-at="2023-03-29T19:18:20 IST" duration-ms="1" status="PASS">
          <reporter-output>
          </reporter-output>
        </test-method> <!-- clearObjects -->
        <test-method is-config="true" signature="closeBrowser()[pri:0, instance:testNgPack.VerifyProceedToBuyFunctionality@1ddf84b8]" started-at="2023-03-29T19:18:23 IST" name="closeBrowser" finished-at="2023-03-29T19:18:23 IST" duration-ms="572" status="PASS">
          <reporter-output>
          </reporter-output>
        </test-method> <!-- closeBrowser -->
      </class> <!-- testNgPack.VerifyProceedToBuyFunctionality -->
      <class name="testNgPack.VerifyImageFunctionality">
        <test-method is-config="true" signature="launchBrowser(java.lang.String)[pri:0, instance:testNgPack.VerifyImageFunctionality@635eaaf1]" started-at="2023-03-29T19:13:52 IST" name="launchBrowser" finished-at="2023-03-29T19:13:54 IST" duration-ms="2116" status="PASS">
          <params>
            <param index="0">
              <value>
                <![CDATA[Chrome]]>
              </value>
            </param>
          </params>
          <reporter-output>
          </reporter-output>
        </test-method> <!-- launchBrowser -->
        <test-method is-config="true" signature="createPOMObject()[pri:0, instance:testNgPack.VerifyImageFunctionality@635eaaf1]" started-at="2023-03-29T19:13:56 IST" name="createPOMObject" finished-at="2023-03-29T19:13:56 IST" duration-ms="127" status="PASS">
          <reporter-output>
          </reporter-output>
        </test-method> <!-- createPOMObject -->
        <test-method is-config="true" signature="beforeMethod()[pri:0, instance:testNgPack.VerifyImageFunctionality@635eaaf1]" started-at="2023-03-29T19:13:56 IST" name="beforeMethod" finished-at="2023-03-29T19:16:13 IST" duration-ms="136365" status="PASS">
          <reporter-output>
          </reporter-output>
        </test-method> <!-- beforeMethod -->
        <test-method signature="verifyImageFunctionalityofSelectedItem()[pri:0, instance:testNgPack.VerifyImageFunctionality@635eaaf1]" started-at="2023-03-29T19:16:13 IST" name="verifyImageFunctionalityofSelectedItem" finished-at="2023-03-29T19:16:28 IST" duration-ms="15348" status="FAIL">
          <exception class="java.lang.AssertionError">
            <message>
              <![CDATA[expected [realme Buds Wireless 2 Neo Bluetooth in Ear Earphones with Mic, Fast Charging & Up to 17Hrs Playtime (Black)] but found []]]>
            </message>
            <full-stacktrace>
              <![CDATA[java.lang.AssertionError: expected [realme Buds Wireless 2 Neo Bluetooth in Ear Earphones with Mic, Fast Charging & Up to 17Hrs Playtime (Black)] but found []
at org.testng.Assert.fail(Assert.java:99)
at org.testng.Assert.failNotEquals(Assert.java:1037)
at org.testng.Assert.assertEqualsImpl(Assert.java:140)
at org.testng.Assert.assertEquals(Assert.java:122)
at org.testng.Assert.assertEquals(Assert.java:629)
at org.testng.Assert.assertEquals(Assert.java:639)
at testNgPack.VerifyImageFunctionality.verifyImageFunctionalityofSelectedItem(VerifyImageFunctionality.java:85)
at java.base/jdk.internal.reflect.DirectMethodHandleAccessor.invoke(DirectMethodHandleAccessor.java:104)
at java.base/java.lang.reflect.Method.invoke(Method.java:577)
at org.testng.internal.MethodInvocationHelper.invokeMethod(MethodInvocationHelper.java:133)
at org.testng.internal.TestInvoker.invokeMethod(TestInvoker.java:598)
at org.testng.internal.TestInvoker.invokeTestMethod(TestInvoker.java:173)
at org.testng.internal.MethodRunner.runInSequence(MethodRunner.java:46)
at org.testng.internal.TestInvoker$MethodInvocationAgent.invoke(TestInvoker.java:824)
at org.testng.internal.TestInvoker.invokeTestMethods(TestInvoker.java:146)
at org.testng.internal.TestMethodWorker.invokeTestMethods(TestMethodWorker.java:146)
at org.testng.internal.TestMethodWorker.run(TestMethodWorker.java:128)
at java.base/java.util.concurrent.ThreadPoolExecutor.runWorker(ThreadPoolExecutor.java:1136)
at java.base/java.util.concurrent.ThreadPoolExecutor$Worker.run(ThreadPoolExecutor.java:635)
at java.base/java.lang.Thread.run(Thread.java:833)
]]>
            </full-stacktrace>
          </exception> <!-- java.lang.AssertionError -->
          <reporter-output>
          </reporter-output>
        </test-method> <!-- verifyImageFunctionalityofSelectedItem -->
        <test-method is-config="true" signature="afterMethod()[pri:0, instance:testNgPack.VerifyImageFunctionality@635eaaf1]" started-at="2023-03-29T19:16:28 IST" name="afterMethod" finished-at="2023-03-29T19:16:28 IST" duration-ms="161" status="PASS">
          <reporter-output>
          </reporter-output>
        </test-method> <!-- afterMethod -->
        <test-method is-config="true" signature="clearObjects()[pri:0, instance:testNgPack.VerifyImageFunctionality@635eaaf1]" started-at="2023-03-29T19:16:29 IST" name="clearObjects" finished-at="2023-03-29T19:16:29 IST" duration-ms="2" status="PASS">
          <reporter-output>
          </reporter-output>
        </test-method> <!-- clearObjects -->
        <test-method is-config="true" signature="closeBrowser()[pri:0, instance:testNgPack.VerifyImageFunctionality@635eaaf1]" started-at="2023-03-29T19:18:22 IST" name="closeBrowser" finished-at="2023-03-29T19:18:23 IST" duration-ms="629" status="PASS">
          <reporter-output>
          </reporter-output>
        </test-method> <!-- closeBrowser -->
      </class> <!-- testNgPack.VerifyImageFunctionality -->
      <class name="testNgPack.TestNgSanity">
        <test-method is-config="true" signature="launchBrowser(java.lang.String)[pri:0, instance:testNgPack.TestNgSanity@63355449]" started-at="2023-03-29T19:13:48 IST" name="launchBrowser" finished-at="2023-03-29T19:13:50 IST" duration-ms="2603" status="PASS">
          <params>
            <param index="0">
              <value>
                <![CDATA[Chrome]]>
              </value>
            </param>
          </params>
          <reporter-output>
          </reporter-output>
        </test-method> <!-- launchBrowser -->
        <test-method is-config="true" signature="createPOMObject()[pri:0, instance:testNgPack.TestNgSanity@63355449]" started-at="2023-03-29T19:13:56 IST" name="createPOMObject" finished-at="2023-03-29T19:13:56 IST" duration-ms="135" status="PASS">
          <reporter-output>
          </reporter-output>
        </test-method> <!-- createPOMObject -->
        <test-method is-config="true" signature="beforeMethod()[pri:0, instance:testNgPack.TestNgSanity@63355449]" started-at="2023-03-29T19:13:56 IST" name="beforeMethod" finished-at="2023-03-29T19:14:05 IST" duration-ms="8531" status="PASS">
          <reporter-output>
          </reporter-output>
        </test-method> <!-- beforeMethod -->
        <test-method signature="verifyScrollingOperation()[pri:0, instance:testNgPack.TestNgSanity@63355449]" started-at="2023-03-29T19:14:05 IST" name="verifyScrollingOperation" finished-at="2023-03-29T19:14:29 IST" duration-ms="24449" status="PASS">
          <reporter-output>
          </reporter-output>
        </test-method> <!-- verifyScrollingOperation -->
        <test-method is-config="true" signature="afterMethod()[pri:0, instance:testNgPack.TestNgSanity@63355449]" started-at="2023-03-29T19:14:30 IST" name="afterMethod" finished-at="2023-03-29T19:14:30 IST" duration-ms="122" status="PASS">
          <reporter-output>
          </reporter-output>
        </test-method> <!-- afterMethod -->
        <test-method is-config="true" signature="clearObjects()[pri:0, instance:testNgPack.TestNgSanity@63355449]" started-at="2023-03-29T19:14:32 IST" name="clearObjects" finished-at="2023-03-29T19:14:32 IST" duration-ms="4" status="PASS">
          <reporter-output>
          </reporter-output>
        </test-method> <!-- clearObjects -->
        <test-method is-config="true" signature="closeBrowser()[pri:0, instance:testNgPack.TestNgSanity@63355449]" started-at="2023-03-29T19:18:20 IST" name="closeBrowser" finished-at="2023-03-29T19:18:21 IST" duration-ms="1315" status="PASS">
          <reporter-output>
          </reporter-output>
        </test-method> <!-- closeBrowser -->
      </class> <!-- testNgPack.TestNgSanity -->
      <class name="testNgPack.VerifyCartFunctionality">
        <test-method is-config="true" signature="launchBrowser(java.lang.String)[pri:0, instance:testNgPack.VerifyCartFunctionality@5c30a9b0]" started-at="2023-03-29T19:13:50 IST" name="launchBrowser" finished-at="2023-03-29T19:13:52 IST" duration-ms="1306" status="PASS">
          <params>
            <param index="0">
              <value>
                <![CDATA[Chrome]]>
              </value>
            </param>
          </params>
          <reporter-output>
          </reporter-output>
        </test-method> <!-- launchBrowser -->
        <test-method is-config="true" signature="createPOMObject()[pri:0, instance:testNgPack.VerifyCartFunctionality@5c30a9b0]" started-at="2023-03-29T19:13:56 IST" name="createPOMObject" finished-at="2023-03-29T19:13:56 IST" duration-ms="139" status="PASS">
          <reporter-output>
          </reporter-output>
        </test-method> <!-- createPOMObject -->
        <test-method is-config="true" signature="beforeMethod()[pri:0, instance:testNgPack.VerifyCartFunctionality@5c30a9b0]" started-at="2023-03-29T19:13:56 IST" name="beforeMethod" finished-at="2023-03-29T19:16:36 IST" duration-ms="159110" status="PASS">
          <reporter-output>
          </reporter-output>
        </test-method> <!-- beforeMethod -->
        <test-method signature="verifyAddtoCartFunctionality()[pri:0, instance:testNgPack.VerifyCartFunctionality@5c30a9b0]" started-at="2023-03-29T19:16:36 IST" name="verifyAddtoCartFunctionality" finished-at="2023-03-29T19:16:36 IST" duration-ms="692" status="PASS">
          <reporter-output>
          </reporter-output>
        </test-method> <!-- verifyAddtoCartFunctionality -->
        <test-method is-config="true" signature="afterMethod()[pri:0, instance:testNgPack.VerifyCartFunctionality@5c30a9b0]" started-at="2023-03-29T19:16:36 IST" name="afterMethod" finished-at="2023-03-29T19:16:36 IST" duration-ms="2" status="PASS">
          <reporter-output>
          </reporter-output>
        </test-method> <!-- afterMethod -->
        <test-method is-config="true" signature="beforeMethod()[pri:0, instance:testNgPack.VerifyCartFunctionality@5c30a9b0]" started-at="2023-03-29T19:16:36 IST" name="beforeMethod" finished-at="2023-03-29T19:17:31 IST" duration-ms="55173" status="PASS">
          <reporter-output>
          </reporter-output>
        </test-method> <!-- beforeMethod -->
        <test-method signature="verifyGoToCartFunctionality()[pri:1, instance:testNgPack.VerifyCartFunctionality@5c30a9b0]" started-at="2023-03-29T19:17:31 IST" name="verifyGoToCartFunctionality" finished-at="2023-03-29T19:17:35 IST" duration-ms="3421" status="PASS">
          <reporter-output>
          </reporter-output>
        </test-method> <!-- verifyGoToCartFunctionality -->
        <test-method is-config="true" signature="afterMethod()[pri:0, instance:testNgPack.VerifyCartFunctionality@5c30a9b0]" started-at="2023-03-29T19:17:35 IST" name="afterMethod" finished-at="2023-03-29T19:17:35 IST" duration-ms="0" status="PASS">
          <reporter-output>
          </reporter-output>
        </test-method> <!-- afterMethod -->
        <test-method is-config="true" signature="clearObjects()[pri:0, instance:testNgPack.VerifyCartFunctionality@5c30a9b0]" started-at="2023-03-29T19:17:35 IST" name="clearObjects" finished-at="2023-03-29T19:17:35 IST" duration-ms="3" status="PASS">
          <reporter-output>
          </reporter-output>
        </test-method> <!-- clearObjects -->
        <test-method is-config="true" signature="closeBrowser()[pri:0, instance:testNgPack.VerifyCartFunctionality@5c30a9b0]" started-at="2023-03-29T19:18:21 IST" name="closeBrowser" finished-at="2023-03-29T19:18:22 IST" duration-ms="927" status="PASS">
          <reporter-output>
          </reporter-output>
        </test-method> <!-- closeBrowser -->
      </class> <!-- testNgPack.VerifyCartFunctionality -->
    </test> <!-- ChromeTest -->
    <test started-at="2023-03-29T19:13:48 IST" name="EdgeTest" finished-at="2023-03-29T19:18:39 IST" duration-ms="291284">
      <class name="testNgPack.VerifyImageFunctionality">
        <test-method is-config="true" signature="launchBrowser(java.lang.String)[pri:0, instance:testNgPack.VerifyImageFunctionality@4d9e68d0]" started-at="2023-03-29T19:13:55 IST" name="launchBrowser" finished-at="2023-03-29T19:14:01 IST" duration-ms="5794" status="PASS">
          <params>
            <param index="0">
              <value>
                <![CDATA[Edge]]>
              </value>
            </param>
          </params>
          <reporter-output>
          </reporter-output>
        </test-method> <!-- launchBrowser -->
        <test-method is-config="true" signature="createPOMObject()[pri:0, instance:testNgPack.VerifyImageFunctionality@4d9e68d0]" started-at="2023-03-29T19:14:07 IST" name="createPOMObject" finished-at="2023-03-29T19:14:07 IST" duration-ms="12" status="PASS">
          <reporter-output>
          </reporter-output>
        </test-method> <!-- createPOMObject -->
        <test-method is-config="true" signature="beforeMethod()[pri:0, instance:testNgPack.VerifyImageFunctionality@4d9e68d0]" started-at="2023-03-29T19:14:07 IST" name="beforeMethod" finished-at="2023-03-29T19:17:07 IST" duration-ms="180487" status="PASS">
          <reporter-output>
          </reporter-output>
        </test-method> <!-- beforeMethod -->
        <test-method signature="verifyImageFunctionalityofSelectedItem()[pri:0, instance:testNgPack.VerifyImageFunctionality@4d9e68d0]" started-at="2023-03-29T19:17:07 IST" name="verifyImageFunctionalityofSelectedItem" finished-at="2023-03-29T19:17:21 IST" duration-ms="14150" status="FAIL">
          <exception class="java.lang.AssertionError">
            <message>
              <![CDATA[expected [realme Buds Wireless 2 Neo Bluetooth in Ear Earphones with Mic, Fast Charging & Up to 17Hrs Playtime (Black)] but found []]]>
            </message>
            <full-stacktrace>
              <![CDATA[java.lang.AssertionError: expected [realme Buds Wireless 2 Neo Bluetooth in Ear Earphones with Mic, Fast Charging & Up to 17Hrs Playtime (Black)] but found []
at org.testng.Assert.fail(Assert.java:99)
at org.testng.Assert.failNotEquals(Assert.java:1037)
at org.testng.Assert.assertEqualsImpl(Assert.java:140)
at org.testng.Assert.assertEquals(Assert.java:122)
at org.testng.Assert.assertEquals(Assert.java:629)
at org.testng.Assert.assertEquals(Assert.java:639)
at testNgPack.VerifyImageFunctionality.verifyImageFunctionalityofSelectedItem(VerifyImageFunctionality.java:85)
at java.base/jdk.internal.reflect.DirectMethodHandleAccessor.invoke(DirectMethodHandleAccessor.java:104)
at java.base/java.lang.reflect.Method.invoke(Method.java:577)
at org.testng.internal.MethodInvocationHelper.invokeMethod(MethodInvocationHelper.java:133)
at org.testng.internal.TestInvoker.invokeMethod(TestInvoker.java:598)
at org.testng.internal.TestInvoker.invokeTestMethod(TestInvoker.java:173)
at org.testng.internal.MethodRunner.runInSequence(MethodRunner.java:46)
at org.testng.internal.TestInvoker$MethodInvocationAgent.invoke(TestInvoker.java:824)
at org.testng.internal.TestInvoker.invokeTestMethods(TestInvoker.java:146)
at org.testng.internal.TestMethodWorker.invokeTestMethods(TestMethodWorker.java:146)
at org.testng.internal.TestMethodWorker.run(TestMethodWorker.java:128)
at java.base/java.util.concurrent.ThreadPoolExecutor.runWorker(ThreadPoolExecutor.java:1136)
at java.base/java.util.concurrent.ThreadPoolExecutor$Worker.run(ThreadPoolExecutor.java:635)
at java.base/java.lang.Thread.run(Thread.java:833)
]]>
            </full-stacktrace>
          </exception> <!-- java.lang.AssertionError -->
          <reporter-output>
          </reporter-output>
        </test-method> <!-- verifyImageFunctionalityofSelectedItem -->
        <test-method is-config="true" signature="afterMethod()[pri:0, instance:testNgPack.VerifyImageFunctionality@4d9e68d0]" started-at="2023-03-29T19:17:22 IST" name="afterMethod" finished-at="2023-03-29T19:17:22 IST" duration-ms="3" status="PASS">
          <reporter-output>
          </reporter-output>
        </test-method> <!-- afterMethod -->
        <test-method is-config="true" signature="clearObjects()[pri:0, instance:testNgPack.VerifyImageFunctionality@4d9e68d0]" started-at="2023-03-29T19:17:22 IST" name="clearObjects" finished-at="2023-03-29T19:17:22 IST" duration-ms="2" status="PASS">
          <reporter-output>
          </reporter-output>
        </test-method> <!-- clearObjects -->
        <test-method is-config="true" signature="closeBrowser()[pri:0, instance:testNgPack.VerifyImageFunctionality@4d9e68d0]" started-at="2023-03-29T19:18:38 IST" name="closeBrowser" finished-at="2023-03-29T19:18:38 IST" duration-ms="717" status="PASS">
          <reporter-output>
          </reporter-output>
        </test-method> <!-- closeBrowser -->
      </class> <!-- testNgPack.VerifyImageFunctionality -->
      <class name="testNgPack.VerifyProceedToBuyFunctionality">
        <test-method is-config="true" signature="launchBrowser(java.lang.String)[pri:0, instance:testNgPack.VerifyProceedToBuyFunctionality@14dd9eb7]" started-at="2023-03-29T19:14:01 IST" name="launchBrowser" finished-at="2023-03-29T19:14:07 IST" duration-ms="5872" status="PASS">
          <params>
            <param index="0">
              <value>
                <![CDATA[Edge]]>
              </value>
            </param>
          </params>
          <reporter-output>
          </reporter-output>
        </test-method> <!-- launchBrowser -->
        <test-method is-config="true" signature="createPOMObject()[pri:0, instance:testNgPack.VerifyProceedToBuyFunctionality@14dd9eb7]" started-at="2023-03-29T19:14:07 IST" name="createPOMObject" finished-at="2023-03-29T19:14:07 IST" duration-ms="5" status="PASS">
          <reporter-output>
          </reporter-output>
        </test-method> <!-- createPOMObject -->
        <test-method is-config="true" signature="beforeMethod()[pri:0, instance:testNgPack.VerifyProceedToBuyFunctionality@14dd9eb7]" started-at="2023-03-29T19:14:07 IST" name="beforeMethod" finished-at="2023-03-29T19:16:49 IST" duration-ms="162832" status="PASS">
          <reporter-output>
          </reporter-output>
        </test-method> <!-- beforeMethod -->
        <test-method signature="verifyQtyDropDown()[pri:0, instance:testNgPack.VerifyProceedToBuyFunctionality@14dd9eb7]" started-at="2023-03-29T19:16:49 IST" name="verifyQtyDropDown" finished-at="2023-03-29T19:16:57 IST" duration-ms="7160" status="PASS">
          <reporter-output>
          </reporter-output>
        </test-method> <!-- verifyQtyDropDown -->
        <test-method is-config="true" signature="afterMethod()[pri:0, instance:testNgPack.VerifyProceedToBuyFunctionality@14dd9eb7]" started-at="2023-03-29T19:16:57 IST" name="afterMethod" finished-at="2023-03-29T19:16:57 IST" duration-ms="1" status="PASS">
          <reporter-output>
          </reporter-output>
        </test-method> <!-- afterMethod -->
        <test-method is-config="true" signature="beforeMethod()[pri:0, instance:testNgPack.VerifyProceedToBuyFunctionality@14dd9eb7]" started-at="2023-03-29T19:16:57 IST" name="beforeMethod" finished-at="2023-03-29T19:18:33 IST" duration-ms="96026" status="PASS">
          <reporter-output>
          </reporter-output>
        </test-method> <!-- beforeMethod -->
        <test-method signature="verifyProceedToBuyFunctionality()[pri:1, instance:testNgPack.VerifyProceedToBuyFunctionality@14dd9eb7]" started-at="2023-03-29T19:18:33 IST" name="verifyProceedToBuyFunctionality" finished-at="2023-03-29T19:18:36 IST" duration-ms="3808" status="PASS">
          <reporter-output>
          </reporter-output>
        </test-method> <!-- verifyProceedToBuyFunctionality -->
        <test-method is-config="true" signature="afterMethod()[pri:0, instance:testNgPack.VerifyProceedToBuyFunctionality@14dd9eb7]" started-at="2023-03-29T19:18:36 IST" name="afterMethod" finished-at="2023-03-29T19:18:36 IST" duration-ms="1" status="PASS">
          <reporter-output>
          </reporter-output>
        </test-method> <!-- afterMethod -->
        <test-method is-config="true" signature="clearObjects()[pri:0, instance:testNgPack.VerifyProceedToBuyFunctionality@14dd9eb7]" started-at="2023-03-29T19:18:36 IST" name="clearObjects" finished-at="2023-03-29T19:18:36 IST" duration-ms="0" status="PASS">
          <reporter-output>
          </reporter-output>
        </test-method> <!-- clearObjects -->
        <test-method is-config="true" signature="closeBrowser()[pri:0, instance:testNgPack.VerifyProceedToBuyFunctionality@14dd9eb7]" started-at="2023-03-29T19:18:38 IST" name="closeBrowser" finished-at="2023-03-29T19:18:39 IST" duration-ms="686" status="PASS">
          <reporter-output>
          </reporter-output>
        </test-method> <!-- closeBrowser -->
      </class> <!-- testNgPack.VerifyProceedToBuyFunctionality -->
      <class name="testNgPack.TestNgSanity">
        <test-method is-config="true" signature="launchBrowser(java.lang.String)[pri:0, instance:testNgPack.TestNgSanity@1d9b7cce]" started-at="2023-03-29T19:13:48 IST" name="launchBrowser" finished-at="2023-03-29T19:13:51 IST" duration-ms="2753" status="PASS">
          <params>
            <param index="0">
              <value>
                <![CDATA[Edge]]>
              </value>
            </param>
          </params>
          <reporter-output>
          </reporter-output>
        </test-method> <!-- launchBrowser -->
        <test-method is-config="true" signature="createPOMObject()[pri:0, instance:testNgPack.TestNgSanity@1d9b7cce]" started-at="2023-03-29T19:14:07 IST" name="createPOMObject" finished-at="2023-03-29T19:14:07 IST" duration-ms="14" status="PASS">
          <reporter-output>
          </reporter-output>
        </test-method> <!-- createPOMObject -->
        <test-method is-config="true" signature="beforeMethod()[pri:0, instance:testNgPack.TestNgSanity@1d9b7cce]" started-at="2023-03-29T19:14:07 IST" name="beforeMethod" finished-at="2023-03-29T19:14:31 IST" duration-ms="24404" status="PASS">
          <reporter-output>
          </reporter-output>
        </test-method> <!-- beforeMethod -->
        <test-method signature="verifyScrollingOperation()[pri:0, instance:testNgPack.TestNgSanity@1d9b7cce]" started-at="2023-03-29T19:14:31 IST" name="verifyScrollingOperation" finished-at="2023-03-29T19:14:53 IST" duration-ms="21861" status="PASS">
          <reporter-output>
          </reporter-output>
        </test-method> <!-- verifyScrollingOperation -->
        <test-method is-config="true" signature="afterMethod()[pri:0, instance:testNgPack.TestNgSanity@1d9b7cce]" started-at="2023-03-29T19:14:53 IST" name="afterMethod" finished-at="2023-03-29T19:14:53 IST" duration-ms="2" status="PASS">
          <reporter-output>
          </reporter-output>
        </test-method> <!-- afterMethod -->
        <test-method is-config="true" signature="clearObjects()[pri:0, instance:testNgPack.TestNgSanity@1d9b7cce]" started-at="2023-03-29T19:14:53 IST" name="clearObjects" finished-at="2023-03-29T19:14:53 IST" duration-ms="1" status="PASS">
          <reporter-output>
          </reporter-output>
        </test-method> <!-- clearObjects -->
        <test-method is-config="true" signature="closeBrowser()[pri:0, instance:testNgPack.TestNgSanity@1d9b7cce]" started-at="2023-03-29T19:18:36 IST" name="closeBrowser" finished-at="2023-03-29T19:18:37 IST" duration-ms="513" status="PASS">
          <reporter-output>
          </reporter-output>
        </test-method> <!-- closeBrowser -->
      </class> <!-- testNgPack.TestNgSanity -->
      <class name="testNgPack.VerifyCartFunctionality">
        <test-method is-config="true" signature="launchBrowser(java.lang.String)[pri:0, instance:testNgPack.VerifyCartFunctionality@42e99e4a]" started-at="2023-03-29T19:13:51 IST" name="launchBrowser" finished-at="2023-03-29T19:13:55 IST" duration-ms="4364" status="PASS">
          <params>
            <param index="0">
              <value>
                <![CDATA[Edge]]>
              </value>
            </param>
          </params>
          <reporter-output>
          </reporter-output>
        </test-method> <!-- launchBrowser -->
        <test-method is-config="true" signature="createPOMObject()[pri:0, instance:testNgPack.VerifyCartFunctionality@42e99e4a]" started-at="2023-03-29T19:14:07 IST" name="createPOMObject" finished-at="2023-03-29T19:14:07 IST" duration-ms="5" status="PASS">
          <reporter-output>
          </reporter-output>
        </test-method> <!-- createPOMObject -->
        <test-method is-config="true" signature="beforeMethod()[pri:0, instance:testNgPack.VerifyCartFunctionality@42e99e4a]" started-at="2023-03-29T19:14:07 IST" name="beforeMethod" finished-at="2023-03-29T19:16:36 IST" duration-ms="148858" status="PASS">
          <reporter-output>
          </reporter-output>
        </test-method> <!-- beforeMethod -->
        <test-method signature="verifyAddtoCartFunctionality()[pri:0, instance:testNgPack.VerifyCartFunctionality@42e99e4a]" started-at="2023-03-29T19:16:36 IST" name="verifyAddtoCartFunctionality" finished-at="2023-03-29T19:16:37 IST" duration-ms="1135" status="PASS">
          <reporter-output>
          </reporter-output>
        </test-method> <!-- verifyAddtoCartFunctionality -->
        <test-method is-config="true" signature="afterMethod()[pri:0, instance:testNgPack.VerifyCartFunctionality@42e99e4a]" started-at="2023-03-29T19:16:37 IST" name="afterMethod" finished-at="2023-03-29T19:16:37 IST" duration-ms="0" status="PASS">
          <reporter-output>
          </reporter-output>
        </test-method> <!-- afterMethod -->
        <test-method is-config="true" signature="beforeMethod()[pri:0, instance:testNgPack.VerifyCartFunctionality@42e99e4a]" started-at="2023-03-29T19:16:37 IST" name="beforeMethod" finished-at="2023-03-29T19:17:20 IST" duration-ms="43048" status="PASS">
          <reporter-output>
          </reporter-output>
        </test-method> <!-- beforeMethod -->
        <test-method signature="verifyGoToCartFunctionality()[pri:1, instance:testNgPack.VerifyCartFunctionality@42e99e4a]" started-at="2023-03-29T19:17:20 IST" name="verifyGoToCartFunctionality" finished-at="2023-03-29T19:17:25 IST" duration-ms="5659" status="PASS">
          <reporter-output>
          </reporter-output>
        </test-method> <!-- verifyGoToCartFunctionality -->
        <test-method is-config="true" signature="afterMethod()[pri:0, instance:testNgPack.VerifyCartFunctionality@42e99e4a]" started-at="2023-03-29T19:17:25 IST" name="afterMethod" finished-at="2023-03-29T19:17:25 IST" duration-ms="1" status="PASS">
          <reporter-output>
          </reporter-output>
        </test-method> <!-- afterMethod -->
        <test-method is-config="true" signature="clearObjects()[pri:0, instance:testNgPack.VerifyCartFunctionality@42e99e4a]" started-at="2023-03-29T19:17:25 IST" name="clearObjects" finished-at="2023-03-29T19:17:25 IST" duration-ms="4" status="PASS">
          <reporter-output>
          </reporter-output>
        </test-method> <!-- clearObjects -->
        <test-method is-config="true" signature="closeBrowser()[pri:0, instance:testNgPack.VerifyCartFunctionality@42e99e4a]" started-at="2023-03-29T19:18:37 IST" name="closeBrowser" finished-at="2023-03-29T19:18:38 IST" duration-ms="734" status="PASS">
          <reporter-output>
          </reporter-output>
        </test-method> <!-- closeBrowser -->
      </class> <!-- testNgPack.VerifyCartFunctionality -->
    </test> <!-- EdgeTest -->
    <test started-at="2023-03-29T19:13:48 IST" name="FirefoxTest" finished-at="2023-03-29T19:18:48 IST" duration-ms="299725">
      <class name="testNgPack.VerifyImageFunctionality">
        <test-method is-config="true" signature="launchBrowser(java.lang.String)[pri:0, instance:testNgPack.VerifyImageFunctionality@f5ac9e4]" started-at="2023-03-29T19:14:19 IST" name="launchBrowser" finished-at="2023-03-29T19:14:32 IST" duration-ms="12640" status="PASS">
          <params>
            <param index="0">
              <value>
                <![CDATA[Firefox]]>
              </value>
            </param>
          </params>
          <reporter-output>
          </reporter-output>
        </test-method> <!-- launchBrowser -->
        <test-method is-config="true" signature="createPOMObject()[pri:0, instance:testNgPack.VerifyImageFunctionality@f5ac9e4]" started-at="2023-03-29T19:14:46 IST" name="createPOMObject" finished-at="2023-03-29T19:14:46 IST" duration-ms="351" status="PASS">
          <reporter-output>
          </reporter-output>
        </test-method> <!-- createPOMObject -->
        <test-method is-config="true" signature="beforeMethod()[pri:0, instance:testNgPack.VerifyImageFunctionality@f5ac9e4]" started-at="2023-03-29T19:14:46 IST" name="beforeMethod" finished-at="2023-03-29T19:16:26 IST" duration-ms="99526" status="PASS">
          <reporter-output>
          </reporter-output>
        </test-method> <!-- beforeMethod -->
        <test-method signature="verifyImageFunctionalityofSelectedItem()[pri:0, instance:testNgPack.VerifyImageFunctionality@f5ac9e4]" started-at="2023-03-29T19:16:26 IST" name="verifyImageFunctionalityofSelectedItem" finished-at="2023-03-29T19:16:29 IST" duration-ms="3317" status="FAIL">
          <exception class="org.openqa.selenium.json.JsonException">
            <message>
              <![CDATA[java.lang.reflect.InvocationTargetException
Build info: version: '3.141.59', revision: 'e82be7d358', time: '2018-11-14T08:17:03'
System info: host: 'ANIKET', ip: '192.168.0.101', os.name: 'Windows 11', os.arch: 'amd64', os.version: '10.0', java.version: '18.0.2.1'
Driver info: driver.version: RemoteWebDriver]]>
            </message>
            <full-stacktrace>
              <![CDATA[org.openqa.selenium.json.JsonException: java.lang.reflect.InvocationTargetException
Build info: version: '3.141.59', revision: 'e82be7d358', time: '2018-11-14T08:17:03'
System info: host: 'ANIKET', ip: '192.168.0.101', os.name: 'Windows 11', os.arch: 'amd64', os.version: '10.0', java.version: '18.0.2.1'
Driver info: driver.version: RemoteWebDriver
at org.openqa.selenium.json.JsonOutput.convertUsingMethod(JsonOutput.java:332)
at org.openqa.selenium.json.JsonOutput.lambda$new$16(JsonOutput.java:155)
at org.openqa.selenium.json.JsonOutput.write(JsonOutput.java:264)
at org.openqa.selenium.json.JsonOutput.lambda$null$21(JsonOutput.java:168)
at java.base/java.util.LinkedHashMap$LinkedValues.forEach(LinkedHashMap.java:647)
at org.openqa.selenium.json.JsonOutput.lambda$new$22(JsonOutput.java:168)
at org.openqa.selenium.json.JsonOutput.write(JsonOutput.java:264)
at org.openqa.selenium.json.JsonOutput.lambda$null$23(JsonOutput.java:177)
at com.google.common.collect.SingletonImmutableBiMap.forEach(SingletonImmutableBiMap.java:65)
at org.openqa.selenium.json.JsonOutput.lambda$new$24(JsonOutput.java:176)
at org.openqa.selenium.json.JsonOutput.write(JsonOutput.java:264)
at org.openqa.selenium.json.JsonOutput.write(JsonOutput.java:255)
at org.openqa.selenium.json.Json.toJson(Json.java:42)
at org.openqa.selenium.remote.http.AbstractHttpCommandCodec.encode(AbstractHttpCommandCodec.java:227)
at org.openqa.selenium.remote.http.AbstractHttpCommandCodec.encode(AbstractHttpCommandCodec.java:117)
at org.openqa.selenium.remote.HttpCommandExecutor.execute(HttpCommandExecutor.java:152)
at org.openqa.selenium.remote.service.DriverCommandExecutor.execute(DriverCommandExecutor.java:83)
at org.openqa.selenium.remote.RemoteWebDriver.execute(RemoteWebDriver.java:552)
at org.openqa.selenium.remote.RemoteWebDriver.perform(RemoteWebDriver.java:618)
at org.openqa.selenium.interactions.Actions$BuiltAction.perform(Actions.java:639)
at Page.ProductDetails1_Page.clickOnImage(ProductDetails1_Page.java:34)
at testNgPack.VerifyImageFunctionality.verifyImageFunctionalityofSelectedItem(VerifyImageFunctionality.java:80)
at java.base/jdk.internal.reflect.DirectMethodHandleAccessor.invoke(DirectMethodHandleAccessor.java:104)
at java.base/java.lang.reflect.Method.invoke(Method.java:577)
at org.testng.internal.MethodInvocationHelper.invokeMethod(MethodInvocationHelper.java:133)
at org.testng.internal.TestInvoker.invokeMethod(TestInvoker.java:598)
at org.testng.internal.TestInvoker.invokeTestMethod(TestInvoker.java:173)
at org.testng.internal.MethodRunner.runInSequence(MethodRunner.java:46)
at org.testng.internal.TestInvoker$MethodInvocationAgent.invoke(TestInvoker.java:824)
at org.testng.internal.TestInvoker.invokeTestMethods(TestInvoker.java:146)
at org.testng.internal.TestMethodWorker.invokeTestMethods(TestMethodWorker.java:146)
at org.testng.internal.TestMethodWorker.run(TestMethodWorker.java:128)
at java.base/java.util.concurrent.ThreadPoolExecutor.runWorker(ThreadPoolExecutor.java:1136)
at java.base/java.util.concurrent.ThreadPoolExecutor$Worker.run(ThreadPoolExecutor.java:635)
at java.base/java.lang.Thread.run(Thread.java:833)
Suppressed: org.openqa.selenium.json.JsonException: Attempting to close incomplete json stream
Build info: version: '3.141.59', revision: 'e82be7d358', time: '2018-11-14T08:17:03'
System info: host: 'ANIKET', ip: '192.168.0.101', os.name: 'Windows 11', os.arch: 'amd64', os.version: '10.0', java.version: '18.0.2.1'
Driver info: driver.version: RemoteWebDriver
at org.openqa.selenium.json.JsonOutput.close(JsonOutput.java:279)
at org.openqa.selenium.json.Json.toJson(Json.java:44)
... 22 more
Caused by: java.lang.reflect.InvocationTargetException
at java.base/jdk.internal.reflect.DirectMethodHandleAccessor.invoke(DirectMethodHandleAccessor.java:119)
at java.base/java.lang.reflect.Method.invoke(Method.java:577)
at org.openqa.selenium.json.JsonOutput.convertUsingMethod(JsonOutput.java:328)
... 34 more
Caused by: org.openqa.selenium.NoSuchElementException: Unable to locate element: //div[@id='imgTagWrapperId']//img
For documentation on this error, please visit: https://www.seleniumhq.org/exceptions/no_such_element.html
Build info: version: '3.141.59', revision: 'e82be7d358', time: '2018-11-14T08:17:03'
System info: host: 'ANIKET', ip: '192.168.0.101', os.name: 'Windows 11', os.arch: 'amd64', os.version: '10.0', java.version: '18.0.2.1'
Driver info: org.openqa.selenium.firefox.FirefoxDriver
Capabilities {acceptInsecureCerts: true, browserName: firefox, browserVersion: 111.0.1, javascriptEnabled: true, moz:accessibilityChecks: false, moz:buildID: 20230321111920, moz:geckodriverVersion: 0.32.2, moz:headless: false, moz:platformVersion: 10.0, moz:processID: 17940, moz:profile: C:\Users\kadam\AppData\Loca..., moz:shutdownTimeout: 60000, moz:useNonSpecCompliantPointerOrigin: false, moz:webdriverClick: true, moz:windowless: false, pageLoadStrategy: normal, platform: WINDOWS, platformName: WINDOWS, proxy: Proxy(), setWindowRect: true, strictFileInteractability: false, timeouts: {implicit: 0, pageLoad: 300000, script: 30000}, unhandledPromptBehavior: dismiss and notify}
Session ID: c345a069-24dc-416b-b8c1-de629aa34c81
*** Element info: {Using=xpath, value=//div[@id='imgTagWrapperId']//img}
at java.base/jdk.internal.reflect.DirectConstructorHandleAccessor.newInstance(DirectConstructorHandleAccessor.java:67)
at java.base/java.lang.reflect.Constructor.newInstanceWithCaller(Constructor.java:499)
at java.base/java.lang.reflect.Constructor.newInstance(Constructor.java:483)
at org.openqa.selenium.remote.http.W3CHttpResponseCodec.createException(W3CHttpResponseCodec.java:187)
at org.openqa.selenium.remote.http.W3CHttpResponseCodec.decode(W3CHttpResponseCodec.java:122)
at org.openqa.selenium.remote.http.W3CHttpResponseCodec.decode(W3CHttpResponseCodec.java:49)
at org.openqa.selenium.remote.HttpCommandExecutor.execute(HttpCommandExecutor.java:158)
at org.openqa.selenium.remote.service.DriverCommandExecutor.execute(DriverCommandExecutor.java:83)
at org.openqa.selenium.remote.RemoteWebDriver.execute(RemoteWebDriver.java:552)
at org.openqa.selenium.remote.RemoteWebDriver.findElement(RemoteWebDriver.java:323)
at org.openqa.selenium.remote.RemoteWebDriver.findElementByXPath(RemoteWebDriver.java:428)
at org.openqa.selenium.By$ByXPath.findElement(By.java:353)
at org.openqa.selenium.remote.RemoteWebDriver.findElement(RemoteWebDriver.java:315)
at org.openqa.selenium.support.pagefactory.DefaultElementLocator.findElement(DefaultElementLocator.java:69)
at org.openqa.selenium.support.pagefactory.internal.LocatingElementHandler.invoke(LocatingElementHandler.java:38)
at jdk.proxy2/jdk.proxy2.$Proxy17.getWrappedElement(Unknown Source)
at org.openqa.selenium.interactions.PointerInput$Origin.asArg(PointerInput.java:204)
at org.openqa.selenium.interactions.PointerInput$Move.encode(PointerInput.java:155)
at org.openqa.selenium.interactions.Sequence.encode(Sequence.java:75)
at org.openqa.selenium.interactions.Sequence.toJson(Sequence.java:84)
at java.base/jdk.internal.reflect.DirectMethodHandleAccessor.invoke(DirectMethodHandleAccessor.java:104)
... 36 more
]]>
            </full-stacktrace>
          </exception> <!-- org.openqa.selenium.json.JsonException -->
          <reporter-output>
          </reporter-output>
        </test-method> <!-- verifyImageFunctionalityofSelectedItem -->
        <test-method is-config="true" signature="afterMethod()[pri:0, instance:testNgPack.VerifyImageFunctionality@f5ac9e4]" started-at="2023-03-29T19:16:30 IST" name="afterMethod" finished-at="2023-03-29T19:16:30 IST" duration-ms="1" status="PASS">
          <reporter-output>
          </reporter-output>
        </test-method> <!-- afterMethod -->
        <test-method is-config="true" signature="clearObjects()[pri:0, instance:testNgPack.VerifyImageFunctionality@f5ac9e4]" started-at="2023-03-29T19:16:30 IST" name="clearObjects" finished-at="2023-03-29T19:16:30 IST" duration-ms="2" status="PASS">
          <reporter-output>
          </reporter-output>
        </test-method> <!-- clearObjects -->
        <test-method is-config="true" signature="closeBrowser()[pri:0, instance:testNgPack.VerifyImageFunctionality@f5ac9e4]" started-at="2023-03-29T19:18:48 IST" name="closeBrowser" finished-at="1970-01-01T05:30:00 IST" duration-ms="-1680097728068" status="SKIP">
          <reporter-output>
          </reporter-output>
        </test-method> <!-- closeBrowser -->
      </class> <!-- testNgPack.VerifyImageFunctionality -->
      <class name="testNgPack.VerifyProceedToBuyFunctionality">
        <test-method is-config="true" signature="launchBrowser(java.lang.String)[pri:0, instance:testNgPack.VerifyProceedToBuyFunctionality@dbf57b3]" started-at="2023-03-29T19:14:32 IST" name="launchBrowser" finished-at="2023-03-29T19:14:46 IST" duration-ms="14094" status="PASS">
          <params>
            <param index="0">
              <value>
                <![CDATA[Firefox]]>
              </value>
            </param>
          </params>
          <reporter-output>
          </reporter-output>
        </test-method> <!-- launchBrowser -->
        <test-method is-config="true" signature="createPOMObject()[pri:0, instance:testNgPack.VerifyProceedToBuyFunctionality@dbf57b3]" started-at="2023-03-29T19:14:46 IST" name="createPOMObject" finished-at="2023-03-29T19:14:46 IST" duration-ms="177" status="PASS">
          <reporter-output>
          </reporter-output>
        </test-method> <!-- createPOMObject -->
        <test-method is-config="true" signature="beforeMethod()[pri:0, instance:testNgPack.VerifyProceedToBuyFunctionality@dbf57b3]" started-at="2023-03-29T19:14:46 IST" name="beforeMethod" finished-at="2023-03-29T19:17:17 IST" duration-ms="151232" status="PASS">
          <reporter-output>
          </reporter-output>
        </test-method> <!-- beforeMethod -->
        <test-method signature="verifyQtyDropDown()[pri:0, instance:testNgPack.VerifyProceedToBuyFunctionality@dbf57b3]" started-at="2023-03-29T19:17:17 IST" name="verifyQtyDropDown" finished-at="2023-03-29T19:17:26 IST" duration-ms="8865" status="FAIL">
          <exception class="org.openqa.selenium.ElementClickInterceptedException">
            <message>
              <![CDATA[Element <select id="quantity" class="a-native-dropdown a-declarative sc-update-quantity-select" name="quantity"> is not clickable at point (280,350) because another element <span id="a-autoid-0-announce" class="a-button-text a-declarative"> obscures it
Build info: version: '3.141.59', revision: 'e82be7d358', time: '2018-11-14T08:17:03'
System info: host: 'ANIKET', ip: '192.168.0.101', os.name: 'Windows 11', os.arch: 'amd64', os.version: '10.0', java.version: '18.0.2.1'
Driver info: org.openqa.selenium.firefox.FirefoxDriver
Capabilities {acceptInsecureCerts: true, browserName: firefox, browserVersion: 111.0.1, javascriptEnabled: true, moz:accessibilityChecks: false, moz:buildID: 20230321111920, moz:geckodriverVersion: 0.32.2, moz:headless: false, moz:platformVersion: 10.0, moz:processID: 24888, moz:profile: C:\Users\kadam\AppData\Loca..., moz:shutdownTimeout: 60000, moz:useNonSpecCompliantPointerOrigin: false, moz:webdriverClick: true, moz:windowless: false, pageLoadStrategy: normal, platform: WINDOWS, platformName: WINDOWS, proxy: Proxy(), setWindowRect: true, strictFileInteractability: false, timeouts: {implicit: 0, pageLoad: 300000, script: 30000}, unhandledPromptBehavior: dismiss and notify}
Session ID: 4da417ca-ee5d-4b32-8d1b-3a83351c02a2]]>
            </message>
            <full-stacktrace>
              <![CDATA[org.openqa.selenium.ElementClickInterceptedException: Element <select id="quantity" class="a-native-dropdown a-declarative sc-update-quantity-select" name="quantity"> is not clickable at point (280,350) because another element <span id="a-autoid-0-announce" class="a-button-text a-declarative"> obscures it
Build info: version: '3.141.59', revision: 'e82be7d358', time: '2018-11-14T08:17:03'
System info: host: 'ANIKET', ip: '192.168.0.101', os.name: 'Windows 11', os.arch: 'amd64', os.version: '10.0', java.version: '18.0.2.1'
Driver info: org.openqa.selenium.firefox.FirefoxDriver
Capabilities {acceptInsecureCerts: true, browserName: firefox, browserVersion: 111.0.1, javascriptEnabled: true, moz:accessibilityChecks: false, moz:buildID: 20230321111920, moz:geckodriverVersion: 0.32.2, moz:headless: false, moz:platformVersion: 10.0, moz:processID: 24888, moz:profile: C:\Users\kadam\AppData\Loca..., moz:shutdownTimeout: 60000, moz:useNonSpecCompliantPointerOrigin: false, moz:webdriverClick: true, moz:windowless: false, pageLoadStrategy: normal, platform: WINDOWS, platformName: WINDOWS, proxy: Proxy(), setWindowRect: true, strictFileInteractability: false, timeouts: {implicit: 0, pageLoad: 300000, script: 30000}, unhandledPromptBehavior: dismiss and notify}
Session ID: 4da417ca-ee5d-4b32-8d1b-3a83351c02a2
at java.base/jdk.internal.reflect.DirectConstructorHandleAccessor.newInstance(DirectConstructorHandleAccessor.java:67)
at java.base/java.lang.reflect.Constructor.newInstanceWithCaller(Constructor.java:499)
at java.base/java.lang.reflect.Constructor.newInstance(Constructor.java:483)
at org.openqa.selenium.remote.http.W3CHttpResponseCodec.createException(W3CHttpResponseCodec.java:187)
at org.openqa.selenium.remote.http.W3CHttpResponseCodec.decode(W3CHttpResponseCodec.java:122)
at org.openqa.selenium.remote.http.W3CHttpResponseCodec.decode(W3CHttpResponseCodec.java:49)
at org.openqa.selenium.remote.HttpCommandExecutor.execute(HttpCommandExecutor.java:158)
at org.openqa.selenium.remote.service.DriverCommandExecutor.execute(DriverCommandExecutor.java:83)
at org.openqa.selenium.remote.RemoteWebDriver.execute(RemoteWebDriver.java:552)
at org.openqa.selenium.remote.RemoteWebElement.execute(RemoteWebElement.java:285)
at org.openqa.selenium.remote.RemoteWebElement.click(RemoteWebElement.java:84)
at org.openqa.selenium.support.ui.Select.setSelected(Select.java:311)
at org.openqa.selenium.support.ui.Select.setSelectedByIndex(Select.java:293)
at org.openqa.selenium.support.ui.Select.selectByIndex(Select.java:172)
at Page.GotoCart_Page.clickOnQuantity(GotoCart_Page.java:32)
at testNgPack.VerifyProceedToBuyFunctionality.verifyQtyDropDown(VerifyProceedToBuyFunctionality.java:93)
at java.base/jdk.internal.reflect.DirectMethodHandleAccessor.invoke(DirectMethodHandleAccessor.java:104)
at java.base/java.lang.reflect.Method.invoke(Method.java:577)
at org.testng.internal.MethodInvocationHelper.invokeMethod(MethodInvocationHelper.java:133)
at org.testng.internal.TestInvoker.invokeMethod(TestInvoker.java:598)
at org.testng.internal.TestInvoker.invokeTestMethod(TestInvoker.java:173)
at org.testng.internal.MethodRunner.runInSequence(MethodRunner.java:46)
at org.testng.internal.TestInvoker$MethodInvocationAgent.invoke(TestInvoker.java:824)
at org.testng.internal.TestInvoker.invokeTestMethods(TestInvoker.java:146)
at org.testng.internal.TestMethodWorker.invokeTestMethods(TestMethodWorker.java:146)
at org.testng.internal.TestMethodWorker.run(TestMethodWorker.java:128)
at java.base/java.util.concurrent.ThreadPoolExecutor.runWorker(ThreadPoolExecutor.java:1136)
at java.base/java.util.concurrent.ThreadPoolExecutor$Worker.run(ThreadPoolExecutor.java:635)
at java.base/java.lang.Thread.run(Thread.java:833)
]]>
            </full-stacktrace>
          </exception> <!-- org.openqa.selenium.ElementClickInterceptedException -->
          <reporter-output>
          </reporter-output>
        </test-method> <!-- verifyQtyDropDown -->
        <test-method is-config="true" signature="afterMethod()[pri:0, instance:testNgPack.VerifyProceedToBuyFunctionality@dbf57b3]" started-at="2023-03-29T19:17:26 IST" name="afterMethod" finished-at="2023-03-29T19:17:26 IST" duration-ms="3" status="PASS">
          <reporter-output>
          </reporter-output>
        </test-method> <!-- afterMethod -->
        <test-method is-config="true" signature="beforeMethod()[pri:0, instance:testNgPack.VerifyProceedToBuyFunctionality@dbf57b3]" started-at="2023-03-29T19:17:26 IST" name="beforeMethod" finished-at="2023-03-29T19:18:43 IST" duration-ms="77048" status="PASS">
          <reporter-output>
          </reporter-output>
        </test-method> <!-- beforeMethod -->
        <test-method signature="verifyProceedToBuyFunctionality()[pri:1, instance:testNgPack.VerifyProceedToBuyFunctionality@dbf57b3]" started-at="2023-03-29T19:18:43 IST" name="verifyProceedToBuyFunctionality" finished-at="2023-03-29T19:18:46 IST" duration-ms="3022" status="PASS">
          <reporter-output>
          </reporter-output>
        </test-method> <!-- verifyProceedToBuyFunctionality -->
        <test-method is-config="true" signature="afterMethod()[pri:0, instance:testNgPack.VerifyProceedToBuyFunctionality@dbf57b3]" started-at="2023-03-29T19:18:46 IST" name="afterMethod" finished-at="2023-03-29T19:18:46 IST" duration-ms="0" status="PASS">
          <reporter-output>
          </reporter-output>
        </test-method> <!-- afterMethod -->
        <test-method is-config="true" signature="clearObjects()[pri:0, instance:testNgPack.VerifyProceedToBuyFunctionality@dbf57b3]" started-at="2023-03-29T19:18:46 IST" name="clearObjects" finished-at="2023-03-29T19:18:46 IST" duration-ms="0" status="PASS">
          <reporter-output>
          </reporter-output>
        </test-method> <!-- clearObjects -->
        <test-method is-config="true" signature="closeBrowser()[pri:0, instance:testNgPack.VerifyProceedToBuyFunctionality@dbf57b3]" started-at="2023-03-29T19:18:48 IST" name="closeBrowser" finished-at="1970-01-01T05:30:00 IST" duration-ms="-1680097728071" status="SKIP">
          <reporter-output>
          </reporter-output>
        </test-method> <!-- closeBrowser -->
      </class> <!-- testNgPack.VerifyProceedToBuyFunctionality -->
      <class name="testNgPack.TestNgSanity">
        <test-method is-config="true" signature="launchBrowser(java.lang.String)[pri:0, instance:testNgPack.TestNgSanity@59fd97a8]" started-at="2023-03-29T19:13:48 IST" name="launchBrowser" finished-at="2023-03-29T19:14:02 IST" duration-ms="13729" status="PASS">
          <params>
            <param index="0">
              <value>
                <![CDATA[Firefox]]>
              </value>
            </param>
          </params>
          <reporter-output>
          </reporter-output>
        </test-method> <!-- launchBrowser -->
        <test-method is-config="true" signature="createPOMObject()[pri:0, instance:testNgPack.TestNgSanity@59fd97a8]" started-at="2023-03-29T19:14:46 IST" name="createPOMObject" finished-at="2023-03-29T19:14:46 IST" duration-ms="129" status="PASS">
          <reporter-output>
          </reporter-output>
        </test-method> <!-- createPOMObject -->
        <test-method is-config="true" signature="beforeMethod()[pri:0, instance:testNgPack.TestNgSanity@59fd97a8]" started-at="2023-03-29T19:14:46 IST" name="beforeMethod" finished-at="2023-03-29T19:15:01 IST" duration-ms="15376" status="PASS">
          <reporter-output>
          </reporter-output>
        </test-method> <!-- beforeMethod -->
        <test-method signature="verifyScrollingOperation()[pri:0, instance:testNgPack.TestNgSanity@59fd97a8]" started-at="2023-03-29T19:15:01 IST" name="verifyScrollingOperation" finished-at="2023-03-29T19:15:24 IST" duration-ms="23087" status="PASS">
          <reporter-output>
          </reporter-output>
        </test-method> <!-- verifyScrollingOperation -->
        <test-method is-config="true" signature="afterMethod()[pri:0, instance:testNgPack.TestNgSanity@59fd97a8]" started-at="2023-03-29T19:15:24 IST" name="afterMethod" finished-at="2023-03-29T19:15:24 IST" duration-ms="1" status="PASS">
          <reporter-output>
          </reporter-output>
        </test-method> <!-- afterMethod -->
        <test-method is-config="true" signature="clearObjects()[pri:0, instance:testNgPack.TestNgSanity@59fd97a8]" started-at="2023-03-29T19:15:25 IST" name="clearObjects" finished-at="2023-03-29T19:15:25 IST" duration-ms="3" status="PASS">
          <reporter-output>
          </reporter-output>
        </test-method> <!-- clearObjects -->
        <test-method is-config="true" signature="closeBrowser()[pri:0, instance:testNgPack.TestNgSanity@59fd97a8]" started-at="2023-03-29T19:18:46 IST" name="closeBrowser" finished-at="2023-03-29T19:18:48 IST" duration-ms="1306" status="PASS">
          <reporter-output>
          </reporter-output>
        </test-method> <!-- closeBrowser -->
      </class> <!-- testNgPack.TestNgSanity -->
      <class name="testNgPack.VerifyCartFunctionality">
        <test-method is-config="true" signature="launchBrowser(java.lang.String)[pri:0, instance:testNgPack.VerifyCartFunctionality@123ef382]" started-at="2023-03-29T19:14:02 IST" name="launchBrowser" finished-at="2023-03-29T19:14:19 IST" duration-ms="17441" status="PASS">
          <params>
            <param index="0">
              <value>
                <![CDATA[Firefox]]>
              </value>
            </param>
          </params>
          <reporter-output>
          </reporter-output>
        </test-method> <!-- launchBrowser -->
        <test-method is-config="true" signature="createPOMObject()[pri:0, instance:testNgPack.VerifyCartFunctionality@123ef382]" started-at="2023-03-29T19:14:46 IST" name="createPOMObject" finished-at="2023-03-29T19:14:46 IST" duration-ms="385" status="PASS">
          <reporter-output>
          </reporter-output>
        </test-method> <!-- createPOMObject -->
        <test-method is-config="true" signature="beforeMethod()[pri:0, instance:testNgPack.VerifyCartFunctionality@123ef382]" started-at="2023-03-29T19:14:46 IST" name="beforeMethod" finished-at="2023-03-29T19:15:59 IST" duration-ms="72519" status="FAIL">
          <exception class="org.openqa.selenium.WebDriverException">
            <message>
              <![CDATA[Failed to decode response from marionette
Build info: version: '3.141.59', revision: 'e82be7d358', time: '2018-11-14T08:17:03'
System info: host: 'ANIKET', ip: '192.168.0.101', os.name: 'Windows 11', os.arch: 'amd64', os.version: '10.0', java.version: '18.0.2.1'
Driver info: org.openqa.selenium.firefox.FirefoxDriver
Capabilities {acceptInsecureCerts: true, browserName: firefox, browserVersion: 111.0.1, javascriptEnabled: true, moz:accessibilityChecks: false, moz:buildID: 20230321111920, moz:geckodriverVersion: 0.32.2, moz:headless: false, moz:platformVersion: 10.0, moz:processID: 13568, moz:profile: C:\Users\kadam\AppData\Loca..., moz:shutdownTimeout: 60000, moz:useNonSpecCompliantPointerOrigin: false, moz:webdriverClick: true, moz:windowless: false, pageLoadStrategy: normal, platform: WINDOWS, platformName: WINDOWS, proxy: Proxy(), setWindowRect: true, strictFileInteractability: false, timeouts: {implicit: 0, pageLoad: 300000, script: 30000}, unhandledPromptBehavior: dismiss and notify}
Session ID: b47bf216-eee5-469e-a6ea-1e77a08054e3
*** Element info: {Using=xpath, value=//span[text() = 'Mobile Accessories']}]]>
            </message>
            <full-stacktrace>
              <![CDATA[org.openqa.selenium.WebDriverException: Failed to decode response from marionette
Build info: version: '3.141.59', revision: 'e82be7d358', time: '2018-11-14T08:17:03'
System info: host: 'ANIKET', ip: '192.168.0.101', os.name: 'Windows 11', os.arch: 'amd64', os.version: '10.0', java.version: '18.0.2.1'
Driver info: org.openqa.selenium.firefox.FirefoxDriver
Capabilities {acceptInsecureCerts: true, browserName: firefox, browserVersion: 111.0.1, javascriptEnabled: true, moz:accessibilityChecks: false, moz:buildID: 20230321111920, moz:geckodriverVersion: 0.32.2, moz:headless: false, moz:platformVersion: 10.0, moz:processID: 13568, moz:profile: C:\Users\kadam\AppData\Loca..., moz:shutdownTimeout: 60000, moz:useNonSpecCompliantPointerOrigin: false, moz:webdriverClick: true, moz:windowless: false, pageLoadStrategy: normal, platform: WINDOWS, platformName: WINDOWS, proxy: Proxy(), setWindowRect: true, strictFileInteractability: false, timeouts: {implicit: 0, pageLoad: 300000, script: 30000}, unhandledPromptBehavior: dismiss and notify}
Session ID: b47bf216-eee5-469e-a6ea-1e77a08054e3
*** Element info: {Using=xpath, value=//span[text() = 'Mobile Accessories']}
at java.base/jdk.internal.reflect.DirectConstructorHandleAccessor.newInstance(DirectConstructorHandleAccessor.java:67)
at java.base/java.lang.reflect.Constructor.newInstanceWithCaller(Constructor.java:499)
at java.base/java.lang.reflect.Constructor.newInstance(Constructor.java:483)
at org.openqa.selenium.remote.http.W3CHttpResponseCodec.createException(W3CHttpResponseCodec.java:187)
at org.openqa.selenium.remote.http.W3CHttpResponseCodec.decode(W3CHttpResponseCodec.java:122)
at org.openqa.selenium.remote.http.W3CHttpResponseCodec.decode(W3CHttpResponseCodec.java:49)
at org.openqa.selenium.remote.HttpCommandExecutor.execute(HttpCommandExecutor.java:158)
at org.openqa.selenium.remote.service.DriverCommandExecutor.execute(DriverCommandExecutor.java:83)
at org.openqa.selenium.remote.RemoteWebDriver.execute(RemoteWebDriver.java:552)
at org.openqa.selenium.remote.RemoteWebDriver.findElement(RemoteWebDriver.java:323)
at org.openqa.selenium.remote.RemoteWebDriver.findElementByXPath(RemoteWebDriver.java:428)
at org.openqa.selenium.By$ByXPath.findElement(By.java:353)
at org.openqa.selenium.remote.RemoteWebDriver.findElement(RemoteWebDriver.java:315)
at org.openqa.selenium.support.pagefactory.DefaultElementLocator.findElement(DefaultElementLocator.java:69)
at org.openqa.selenium.support.pagefactory.internal.LocatingElementHandler.invoke(LocatingElementHandler.java:38)
at jdk.proxy2/jdk.proxy2.$Proxy17.click(Unknown Source)
at Page.Mobiles_Page.clickOnMobileAccessories(Mobiles_Page.java:20)
at testNgPack.VerifyCartFunctionality.beforeMethod(VerifyCartFunctionality.java:77)
at java.base/jdk.internal.reflect.DirectMethodHandleAccessor.invoke(DirectMethodHandleAccessor.java:104)
at java.base/java.lang.reflect.Method.invoke(Method.java:577)
at org.testng.internal.MethodInvocationHelper.invokeMethod(MethodInvocationHelper.java:133)
at org.testng.internal.MethodInvocationHelper.invokeMethodConsideringTimeout(MethodInvocationHelper.java:62)
at org.testng.internal.ConfigInvoker.invokeConfigurationMethod(ConfigInvoker.java:385)
at org.testng.internal.ConfigInvoker.invokeConfigurations(ConfigInvoker.java:321)
at org.testng.internal.TestInvoker.runConfigMethods(TestInvoker.java:700)
at org.testng.internal.TestInvoker.invokeMethod(TestInvoker.java:527)
at org.testng.internal.TestInvoker.invokeTestMethod(TestInvoker.java:173)
at org.testng.internal.MethodRunner.runInSequence(MethodRunner.java:46)
at org.testng.internal.TestInvoker$MethodInvocationAgent.invoke(TestInvoker.java:824)
at org.testng.internal.TestInvoker.invokeTestMethods(TestInvoker.java:146)
at org.testng.internal.TestMethodWorker.invokeTestMethods(TestMethodWorker.java:146)
at org.testng.internal.TestMethodWorker.run(TestMethodWorker.java:128)
at java.base/java.util.concurrent.ThreadPoolExecutor.runWorker(ThreadPoolExecutor.java:1136)
at java.base/java.util.concurrent.ThreadPoolExecutor$Worker.run(ThreadPoolExecutor.java:635)
at java.base/java.lang.Thread.run(Thread.java:833)
]]>
            </full-stacktrace>
          </exception> <!-- org.openqa.selenium.WebDriverException -->
          <reporter-output>
          </reporter-output>
        </test-method> <!-- beforeMethod -->
        <test-method signature="verifyAddtoCartFunctionality()[pri:0, instance:testNgPack.VerifyCartFunctionality@123ef382]" started-at="2023-03-29T19:15:59 IST" name="verifyAddtoCartFunctionality" finished-at="2023-03-29T19:15:59 IST" duration-ms="0" status="SKIP">
          <exception class="org.openqa.selenium.WebDriverException">
            <message>
              <![CDATA[Failed to decode response from marionette
Build info: version: '3.141.59', revision: 'e82be7d358', time: '2018-11-14T08:17:03'
System info: host: 'ANIKET', ip: '192.168.0.101', os.name: 'Windows 11', os.arch: 'amd64', os.version: '10.0', java.version: '18.0.2.1'
Driver info: org.openqa.selenium.firefox.FirefoxDriver
Capabilities {acceptInsecureCerts: true, browserName: firefox, browserVersion: 111.0.1, javascriptEnabled: true, moz:accessibilityChecks: false, moz:buildID: 20230321111920, moz:geckodriverVersion: 0.32.2, moz:headless: false, moz:platformVersion: 10.0, moz:processID: 13568, moz:profile: C:\Users\kadam\AppData\Loca..., moz:shutdownTimeout: 60000, moz:useNonSpecCompliantPointerOrigin: false, moz:webdriverClick: true, moz:windowless: false, pageLoadStrategy: normal, platform: WINDOWS, platformName: WINDOWS, proxy: Proxy(), setWindowRect: true, strictFileInteractability: false, timeouts: {implicit: 0, pageLoad: 300000, script: 30000}, unhandledPromptBehavior: dismiss and notify}
Session ID: b47bf216-eee5-469e-a6ea-1e77a08054e3
*** Element info: {Using=xpath, value=//span[text() = 'Mobile Accessories']}]]>
            </message>
            <full-stacktrace>
              <![CDATA[org.openqa.selenium.WebDriverException: Failed to decode response from marionette
Build info: version: '3.141.59', revision: 'e82be7d358', time: '2018-11-14T08:17:03'
System info: host: 'ANIKET', ip: '192.168.0.101', os.name: 'Windows 11', os.arch: 'amd64', os.version: '10.0', java.version: '18.0.2.1'
Driver info: org.openqa.selenium.firefox.FirefoxDriver
Capabilities {acceptInsecureCerts: true, browserName: firefox, browserVersion: 111.0.1, javascriptEnabled: true, moz:accessibilityChecks: false, moz:buildID: 20230321111920, moz:geckodriverVersion: 0.32.2, moz:headless: false, moz:platformVersion: 10.0, moz:processID: 13568, moz:profile: C:\Users\kadam\AppData\Loca..., moz:shutdownTimeout: 60000, moz:useNonSpecCompliantPointerOrigin: false, moz:webdriverClick: true, moz:windowless: false, pageLoadStrategy: normal, platform: WINDOWS, platformName: WINDOWS, proxy: Proxy(), setWindowRect: true, strictFileInteractability: false, timeouts: {implicit: 0, pageLoad: 300000, script: 30000}, unhandledPromptBehavior: dismiss and notify}
Session ID: b47bf216-eee5-469e-a6ea-1e77a08054e3
*** Element info: {Using=xpath, value=//span[text() = 'Mobile Accessories']}
at java.base/jdk.internal.reflect.DirectConstructorHandleAccessor.newInstance(DirectConstructorHandleAccessor.java:67)
at java.base/java.lang.reflect.Constructor.newInstanceWithCaller(Constructor.java:499)
at java.base/java.lang.reflect.Constructor.newInstance(Constructor.java:483)
at org.openqa.selenium.remote.http.W3CHttpResponseCodec.createException(W3CHttpResponseCodec.java:187)
at org.openqa.selenium.remote.http.W3CHttpResponseCodec.decode(W3CHttpResponseCodec.java:122)
at org.openqa.selenium.remote.http.W3CHttpResponseCodec.decode(W3CHttpResponseCodec.java:49)
at org.openqa.selenium.remote.HttpCommandExecutor.execute(HttpCommandExecutor.java:158)
at org.openqa.selenium.remote.service.DriverCommandExecutor.execute(DriverCommandExecutor.java:83)
at org.openqa.selenium.remote.RemoteWebDriver.execute(RemoteWebDriver.java:552)
at org.openqa.selenium.remote.RemoteWebDriver.findElement(RemoteWebDriver.java:323)
at org.openqa.selenium.remote.RemoteWebDriver.findElementByXPath(RemoteWebDriver.java:428)
at org.openqa.selenium.By$ByXPath.findElement(By.java:353)
at org.openqa.selenium.remote.RemoteWebDriver.findElement(RemoteWebDriver.java:315)
at org.openqa.selenium.support.pagefactory.DefaultElementLocator.findElement(DefaultElementLocator.java:69)
at org.openqa.selenium.support.pagefactory.internal.LocatingElementHandler.invoke(LocatingElementHandler.java:38)
at jdk.proxy2/jdk.proxy2.$Proxy17.click(Unknown Source)
at Page.Mobiles_Page.clickOnMobileAccessories(Mobiles_Page.java:20)
at testNgPack.VerifyCartFunctionality.beforeMethod(VerifyCartFunctionality.java:77)
at java.base/jdk.internal.reflect.DirectMethodHandleAccessor.invoke(DirectMethodHandleAccessor.java:104)
at java.base/java.lang.reflect.Method.invoke(Method.java:577)
at org.testng.internal.MethodInvocationHelper.invokeMethod(MethodInvocationHelper.java:133)
at org.testng.internal.MethodInvocationHelper.invokeMethodConsideringTimeout(MethodInvocationHelper.java:62)
at org.testng.internal.ConfigInvoker.invokeConfigurationMethod(ConfigInvoker.java:385)
at org.testng.internal.ConfigInvoker.invokeConfigurations(ConfigInvoker.java:321)
at org.testng.internal.TestInvoker.runConfigMethods(TestInvoker.java:700)
at org.testng.internal.TestInvoker.invokeMethod(TestInvoker.java:527)
at org.testng.internal.TestInvoker.invokeTestMethod(TestInvoker.java:173)
at org.testng.internal.MethodRunner.runInSequence(MethodRunner.java:46)
at org.testng.internal.TestInvoker$MethodInvocationAgent.invoke(TestInvoker.java:824)
at org.testng.internal.TestInvoker.invokeTestMethods(TestInvoker.java:146)
at org.testng.internal.TestMethodWorker.invokeTestMethods(TestMethodWorker.java:146)
at org.testng.internal.TestMethodWorker.run(TestMethodWorker.java:128)
at java.base/java.util.concurrent.ThreadPoolExecutor.runWorker(ThreadPoolExecutor.java:1136)
at java.base/java.util.concurrent.ThreadPoolExecutor$Worker.run(ThreadPoolExecutor.java:635)
at java.base/java.lang.Thread.run(Thread.java:833)
]]>
            </full-stacktrace>
          </exception> <!-- org.openqa.selenium.WebDriverException -->
          <reporter-output>
          </reporter-output>
        </test-method> <!-- verifyAddtoCartFunctionality -->
        <test-method is-config="true" signature="afterMethod()[pri:0, instance:testNgPack.VerifyCartFunctionality@123ef382]" started-at="2023-03-29T19:15:59 IST" name="afterMethod" finished-at="1970-01-01T05:30:00 IST" duration-ms="-1680097559558" status="SKIP">
          <reporter-output>
          </reporter-output>
        </test-method> <!-- afterMethod -->
        <test-method is-config="true" signature="beforeMethod()[pri:0, instance:testNgPack.VerifyCartFunctionality@123ef382]" started-at="2023-03-29T19:15:59 IST" name="beforeMethod" finished-at="1970-01-01T05:30:00 IST" duration-ms="-1680097559598" status="SKIP">
          <reporter-output>
          </reporter-output>
        </test-method> <!-- beforeMethod -->
        <test-method signature="verifyGoToCartFunctionality()[pri:1, instance:testNgPack.VerifyCartFunctionality@123ef382]" started-at="2023-03-29T19:15:59 IST" name="verifyGoToCartFunctionality" finished-at="2023-03-29T19:15:59 IST" duration-ms="0" status="SKIP">
          <exception class="org.openqa.selenium.WebDriverException">
            <message>
              <![CDATA[Failed to decode response from marionette
Build info: version: '3.141.59', revision: 'e82be7d358', time: '2018-11-14T08:17:03'
System info: host: 'ANIKET', ip: '192.168.0.101', os.name: 'Windows 11', os.arch: 'amd64', os.version: '10.0', java.version: '18.0.2.1'
Driver info: org.openqa.selenium.firefox.FirefoxDriver
Capabilities {acceptInsecureCerts: true, browserName: firefox, browserVersion: 111.0.1, javascriptEnabled: true, moz:accessibilityChecks: false, moz:buildID: 20230321111920, moz:geckodriverVersion: 0.32.2, moz:headless: false, moz:platformVersion: 10.0, moz:processID: 13568, moz:profile: C:\Users\kadam\AppData\Loca..., moz:shutdownTimeout: 60000, moz:useNonSpecCompliantPointerOrigin: false, moz:webdriverClick: true, moz:windowless: false, pageLoadStrategy: normal, platform: WINDOWS, platformName: WINDOWS, proxy: Proxy(), setWindowRect: true, strictFileInteractability: false, timeouts: {implicit: 0, pageLoad: 300000, script: 30000}, unhandledPromptBehavior: dismiss and notify}
Session ID: b47bf216-eee5-469e-a6ea-1e77a08054e3
*** Element info: {Using=xpath, value=//span[text() = 'Mobile Accessories']}]]>
            </message>
            <full-stacktrace>
              <![CDATA[org.openqa.selenium.WebDriverException: Failed to decode response from marionette
Build info: version: '3.141.59', revision: 'e82be7d358', time: '2018-11-14T08:17:03'
System info: host: 'ANIKET', ip: '192.168.0.101', os.name: 'Windows 11', os.arch: 'amd64', os.version: '10.0', java.version: '18.0.2.1'
Driver info: org.openqa.selenium.firefox.FirefoxDriver
Capabilities {acceptInsecureCerts: true, browserName: firefox, browserVersion: 111.0.1, javascriptEnabled: true, moz:accessibilityChecks: false, moz:buildID: 20230321111920, moz:geckodriverVersion: 0.32.2, moz:headless: false, moz:platformVersion: 10.0, moz:processID: 13568, moz:profile: C:\Users\kadam\AppData\Loca..., moz:shutdownTimeout: 60000, moz:useNonSpecCompliantPointerOrigin: false, moz:webdriverClick: true, moz:windowless: false, pageLoadStrategy: normal, platform: WINDOWS, platformName: WINDOWS, proxy: Proxy(), setWindowRect: true, strictFileInteractability: false, timeouts: {implicit: 0, pageLoad: 300000, script: 30000}, unhandledPromptBehavior: dismiss and notify}
Session ID: b47bf216-eee5-469e-a6ea-1e77a08054e3
*** Element info: {Using=xpath, value=//span[text() = 'Mobile Accessories']}
at java.base/jdk.internal.reflect.DirectConstructorHandleAccessor.newInstance(DirectConstructorHandleAccessor.java:67)
at java.base/java.lang.reflect.Constructor.newInstanceWithCaller(Constructor.java:499)
at java.base/java.lang.reflect.Constructor.newInstance(Constructor.java:483)
at org.openqa.selenium.remote.http.W3CHttpResponseCodec.createException(W3CHttpResponseCodec.java:187)
at org.openqa.selenium.remote.http.W3CHttpResponseCodec.decode(W3CHttpResponseCodec.java:122)
at org.openqa.selenium.remote.http.W3CHttpResponseCodec.decode(W3CHttpResponseCodec.java:49)
at org.openqa.selenium.remote.HttpCommandExecutor.execute(HttpCommandExecutor.java:158)
at org.openqa.selenium.remote.service.DriverCommandExecutor.execute(DriverCommandExecutor.java:83)
at org.openqa.selenium.remote.RemoteWebDriver.execute(RemoteWebDriver.java:552)
at org.openqa.selenium.remote.RemoteWebDriver.findElement(RemoteWebDriver.java:323)
at org.openqa.selenium.remote.RemoteWebDriver.findElementByXPath(RemoteWebDriver.java:428)
at org.openqa.selenium.By$ByXPath.findElement(By.java:353)
at org.openqa.selenium.remote.RemoteWebDriver.findElement(RemoteWebDriver.java:315)
at org.openqa.selenium.support.pagefactory.DefaultElementLocator.findElement(DefaultElementLocator.java:69)
at org.openqa.selenium.support.pagefactory.internal.LocatingElementHandler.invoke(LocatingElementHandler.java:38)
at jdk.proxy2/jdk.proxy2.$Proxy17.click(Unknown Source)
at Page.Mobiles_Page.clickOnMobileAccessories(Mobiles_Page.java:20)
at testNgPack.VerifyCartFunctionality.beforeMethod(VerifyCartFunctionality.java:77)
at java.base/jdk.internal.reflect.DirectMethodHandleAccessor.invoke(DirectMethodHandleAccessor.java:104)
at java.base/java.lang.reflect.Method.invoke(Method.java:577)
at org.testng.internal.MethodInvocationHelper.invokeMethod(MethodInvocationHelper.java:133)
at org.testng.internal.MethodInvocationHelper.invokeMethodConsideringTimeout(MethodInvocationHelper.java:62)
at org.testng.internal.ConfigInvoker.invokeConfigurationMethod(ConfigInvoker.java:385)
at org.testng.internal.ConfigInvoker.invokeConfigurations(ConfigInvoker.java:321)
at org.testng.internal.TestInvoker.runConfigMethods(TestInvoker.java:700)
at org.testng.internal.TestInvoker.invokeMethod(TestInvoker.java:527)
at org.testng.internal.TestInvoker.invokeTestMethod(TestInvoker.java:173)
at org.testng.internal.MethodRunner.runInSequence(MethodRunner.java:46)
at org.testng.internal.TestInvoker$MethodInvocationAgent.invoke(TestInvoker.java:824)
at org.testng.internal.TestInvoker.invokeTestMethods(TestInvoker.java:146)
at org.testng.internal.TestMethodWorker.invokeTestMethods(TestMethodWorker.java:146)
at org.testng.internal.TestMethodWorker.run(TestMethodWorker.java:128)
at java.base/java.util.concurrent.ThreadPoolExecutor.runWorker(ThreadPoolExecutor.java:1136)
at java.base/java.util.concurrent.ThreadPoolExecutor$Worker.run(ThreadPoolExecutor.java:635)
at java.base/java.lang.Thread.run(Thread.java:833)
]]>
            </full-stacktrace>
          </exception> <!-- org.openqa.selenium.WebDriverException -->
          <reporter-output>
          </reporter-output>
        </test-method> <!-- verifyGoToCartFunctionality -->
        <test-method is-config="true" signature="afterMethod()[pri:0, instance:testNgPack.VerifyCartFunctionality@123ef382]" started-at="2023-03-29T19:15:59 IST" name="afterMethod" finished-at="1970-01-01T05:30:00 IST" duration-ms="-1680097559627" status="SKIP">
          <reporter-output>
          </reporter-output>
        </test-method> <!-- afterMethod -->
        <test-method is-config="true" signature="clearObjects()[pri:0, instance:testNgPack.VerifyCartFunctionality@123ef382]" started-at="2023-03-29T19:15:59 IST" name="clearObjects" finished-at="1970-01-01T05:30:00 IST" duration-ms="-1680097559670" status="SKIP">
          <reporter-output>
          </reporter-output>
        </test-method> <!-- clearObjects -->
        <test-method is-config="true" signature="closeBrowser()[pri:0, instance:testNgPack.VerifyCartFunctionality@123ef382]" started-at="2023-03-29T19:18:48 IST" name="closeBrowser" finished-at="2023-03-29T19:18:48 IST" duration-ms="64" status="FAIL">
          <exception class="org.openqa.selenium.NoSuchSessionException">
            <message>
              <![CDATA[Tried to run command without establishing a connection
Build info: version: '3.141.59', revision: 'e82be7d358', time: '2018-11-14T08:17:03'
System info: host: 'ANIKET', ip: '192.168.0.101', os.name: 'Windows 11', os.arch: 'amd64', os.version: '10.0', java.version: '18.0.2.1'
Driver info: org.openqa.selenium.firefox.FirefoxDriver
Capabilities {acceptInsecureCerts: true, browserName: firefox, browserVersion: 111.0.1, javascriptEnabled: true, moz:accessibilityChecks: false, moz:buildID: 20230321111920, moz:geckodriverVersion: 0.32.2, moz:headless: false, moz:platformVersion: 10.0, moz:processID: 13568, moz:profile: C:\Users\kadam\AppData\Loca..., moz:shutdownTimeout: 60000, moz:useNonSpecCompliantPointerOrigin: false, moz:webdriverClick: true, moz:windowless: false, pageLoadStrategy: normal, platform: WINDOWS, platformName: WINDOWS, proxy: Proxy(), setWindowRect: true, strictFileInteractability: false, timeouts: {implicit: 0, pageLoad: 300000, script: 30000}, unhandledPromptBehavior: dismiss and notify}
Session ID: b47bf216-eee5-469e-a6ea-1e77a08054e3]]>
            </message>
            <full-stacktrace>
              <![CDATA[org.openqa.selenium.NoSuchSessionException: Tried to run command without establishing a connection
Build info: version: '3.141.59', revision: 'e82be7d358', time: '2018-11-14T08:17:03'
System info: host: 'ANIKET', ip: '192.168.0.101', os.name: 'Windows 11', os.arch: 'amd64', os.version: '10.0', java.version: '18.0.2.1'
Driver info: org.openqa.selenium.firefox.FirefoxDriver
Capabilities {acceptInsecureCerts: true, browserName: firefox, browserVersion: 111.0.1, javascriptEnabled: true, moz:accessibilityChecks: false, moz:buildID: 20230321111920, moz:geckodriverVersion: 0.32.2, moz:headless: false, moz:platformVersion: 10.0, moz:processID: 13568, moz:profile: C:\Users\kadam\AppData\Loca..., moz:shutdownTimeout: 60000, moz:useNonSpecCompliantPointerOrigin: false, moz:webdriverClick: true, moz:windowless: false, pageLoadStrategy: normal, platform: WINDOWS, platformName: WINDOWS, proxy: Proxy(), setWindowRect: true, strictFileInteractability: false, timeouts: {implicit: 0, pageLoad: 300000, script: 30000}, unhandledPromptBehavior: dismiss and notify}
Session ID: b47bf216-eee5-469e-a6ea-1e77a08054e3
at java.base/jdk.internal.reflect.DirectConstructorHandleAccessor.newInstance(DirectConstructorHandleAccessor.java:67)
at java.base/java.lang.reflect.Constructor.newInstanceWithCaller(Constructor.java:499)
at java.base/java.lang.reflect.Constructor.newInstance(Constructor.java:483)
at org.openqa.selenium.remote.http.W3CHttpResponseCodec.createException(W3CHttpResponseCodec.java:187)
at org.openqa.selenium.remote.http.W3CHttpResponseCodec.decode(W3CHttpResponseCodec.java:122)
at org.openqa.selenium.remote.http.W3CHttpResponseCodec.decode(W3CHttpResponseCodec.java:49)
at org.openqa.selenium.remote.HttpCommandExecutor.execute(HttpCommandExecutor.java:158)
at org.openqa.selenium.remote.service.DriverCommandExecutor.execute(DriverCommandExecutor.java:83)
at org.openqa.selenium.remote.RemoteWebDriver.execute(RemoteWebDriver.java:552)
at org.openqa.selenium.remote.RemoteWebDriver.execute(RemoteWebDriver.java:609)
at org.openqa.selenium.remote.RemoteWebDriver.quit(RemoteWebDriver.java:452)
at testNgPack.VerifyCartFunctionality.closeBrowser(VerifyCartFunctionality.java:122)
at java.base/jdk.internal.reflect.DirectMethodHandleAccessor.invoke(DirectMethodHandleAccessor.java:104)
at java.base/java.lang.reflect.Method.invoke(Method.java:577)
at org.testng.internal.MethodInvocationHelper.invokeMethod(MethodInvocationHelper.java:133)
at org.testng.internal.MethodInvocationHelper.invokeMethodConsideringTimeout(MethodInvocationHelper.java:62)
at org.testng.internal.ConfigInvoker.invokeConfigurationMethod(ConfigInvoker.java:385)
at org.testng.internal.ConfigInvoker.invokeConfigurations(ConfigInvoker.java:321)
at org.testng.TestRunner.invokeTestConfigurations(TestRunner.java:637)
at org.testng.TestRunner.afterRun(TestRunner.java:877)
at org.testng.TestRunner.run(TestRunner.java:599)
at org.testng.SuiteRunner.runTest(SuiteRunner.java:377)
at org.testng.SuiteRunner.access$000(SuiteRunner.java:28)
at org.testng.SuiteRunner$SuiteWorker.run(SuiteRunner.java:418)
at org.testng.internal.thread.ThreadUtil.lambda$execute$0(ThreadUtil.java:64)
at java.base/java.util.concurrent.FutureTask.run(FutureTask.java:264)
at java.base/java.util.concurrent.ThreadPoolExecutor.runWorker(ThreadPoolExecutor.java:1136)
at java.base/java.util.concurrent.ThreadPoolExecutor$Worker.run(ThreadPoolExecutor.java:635)
at java.base/java.lang.Thread.run(Thread.java:833)
]]>
            </full-stacktrace>
          </exception> <!-- org.openqa.selenium.NoSuchSessionException -->
          <reporter-output>
          </reporter-output>
        </test-method> <!-- closeBrowser -->
      </class> <!-- testNgPack.VerifyCartFunctionality -->
    </test> <!-- FirefoxTest -->
  </suite> <!-- HighPrioritySuite -->
</testng-results>
