<?xml version="1.0" encoding="UTF-8"?>
<!-- Generated by org.testng.reporters.JUnitXMLReporter -->
<testsuite ignored="0" hostname="Aniket" failures="1" tests="1" name="ChromeTest(failed)" time="83.388" errors="0" timestamp="2023-03-29T19:22:35 IST">
  <testcase classname="testNgPack.VerifyImageFunctionality" name="verifyImageFunctionalityofSelectedItem" time="3.067">
    <failure type="java.lang.AssertionError" message="expected [realme Buds Wireless 2 Neo Bluetooth in Ear Earphones with Mic, Fast Charging &amp;amp; Up to 17Hrs Playtime (Black)] but found []">
      <![CDATA[java.lang.AssertionError: expected [realme Buds Wireless 2 Neo Bluetooth in Ear Earphones with Mic, Fast Charging & Up to 17Hrs Playtime (Black)] but found []
at testNgPack.VerifyImageFunctionality.verifyImageFunctionalityofSelectedItem(VerifyImageFunctionality.java:85)
at java.base/java.util.concurrent.ThreadPoolExecutor.runWorker(ThreadPoolExecutor.java:1136)
at java.base/java.util.concurrent.ThreadPoolExecutor$Worker.run(ThreadPoolExecutor.java:635)
at java.base/java.lang.Thread.run(Thread.java:833)
... Removed 16 stack frames]]>
    </failure>
  </testcase> <!-- verifyImageFunctionalityofSelectedItem -->
</testsuite> <!-- ChromeTest(failed) -->
