<?xml version="1.0" encoding="UTF-8"?>
<!-- Generated by org.testng.reporters.JUnitXMLReporter -->
<testsuite ignored="0" hostname="Aniket" failures="1" tests="6" name="EdgeTest" time="291.284" errors="0" timestamp="2023-03-29T19:18:39 IST">
  <testcase classname="testNgPack.TestNgSanity" name="verifyScrollingOperation" time="21.861"/>
  <testcase classname="testNgPack.VerifyCartFunctionality" name="verifyAddtoCartFunctionality" time="1.135"/>
  <testcase classname="testNgPack.VerifyProceedToBuyFunctionality" name="verifyQtyDropDown" time="7.16"/>
  <testcase classname="testNgPack.VerifyImageFunctionality" name="verifyImageFunctionalityofSelectedItem" time="14.15">
    <failure type="java.lang.AssertionError" message="expected [realme Buds Wireless 2 Neo Bluetooth in Ear Earphones with Mic, Fast Charging &amp;amp; Up to 17Hrs Playtime (Black)] but found []">
      <![CDATA[java.lang.AssertionError: expected [realme Buds Wireless 2 Neo Bluetooth in Ear Earphones with Mic, Fast Charging & Up to 17Hrs Playtime (Black)] but found []
at testNgPack.VerifyImageFunctionality.verifyImageFunctionalityofSelectedItem(VerifyImageFunctionality.java:85)
at java.base/java.util.concurrent.ThreadPoolExecutor.runWorker(ThreadPoolExecutor.java:1136)
at java.base/java.util.concurrent.ThreadPoolExecutor$Worker.run(ThreadPoolExecutor.java:635)
at java.base/java.lang.Thread.run(Thread.java:833)
... Removed 16 stack frames]]>
    </failure>
  </testcase> <!-- verifyImageFunctionalityofSelectedItem -->
  <testcase classname="testNgPack.VerifyCartFunctionality" name="verifyGoToCartFunctionality" time="5.659"/>
  <testcase classname="testNgPack.VerifyProceedToBuyFunctionality" name="verifyProceedToBuyFunctionality" time="3.808"/>
</testsuite> <!-- EdgeTest -->
